<?xml version="1.0" encoding="UTF-8"?>
<!-- Generated by org.testng.reporters.JUnitReportReporter -->
<testsuite skipped="0" hostname="edwinndonga-Lenovo-V310" name="com.AutomationPractice.testscripts.searchpage.SearchPageTest" tests="2" failures="0" timestamp="14 Aug 2019 21:31:02 GMT" time="14.956" errors="0">
  <testcase name="verifyProductPageTitleTest" time="8.922" classname="com.AutomationPractice.testscripts.searchpage.SearchPageTest"/>
  <testcase name="testEnterSearchTextAndClickEnter" time="6.034" classname="com.AutomationPractice.testscripts.searchpage.SearchPageTest"/>
</testsuite> <!-- com.AutomationPractice.testscripts.searchpage.SearchPageTest -->
