<?xml version="1.0" encoding="UTF-8"?>
<!-- Generated by org.testng.reporters.JUnitReportReporter -->
<testsuite skipped="0" hostname="edwinndonga-Lenovo-V310" name="com.AutomationPractice.testscripts.registrationpage.RegistrationPageTest" tests="2" failures="0" timestamp="14 Aug 2019 21:31:02 GMT" time="44.855" errors="0">
  <testcase name="testCreateAccount" time="23.531" classname="com.AutomationPractice.testscripts.registrationpage.RegistrationPageTest"/>
  <testcase name="testRegisterUser" time="21.324" classname="com.AutomationPractice.testscripts.registrationpage.RegistrationPageTest"/>
</testsuite> <!-- com.AutomationPractice.testscripts.registrationpage.RegistrationPageTest -->
