<?xml version="1.0" encoding="UTF-8"?>
<!-- Generated by org.testng.reporters.JUnitReportReporter -->
<testsuite skipped="0" hostname="edwinndonga-Lenovo-V310" name="com.AutomationPractice.testscripts.loginpage.LoginTest" tests="11" failures="0" timestamp="14 Aug 2019 18:04:08 GMT" time="94.236" errors="0">
  <testcase name="testLoginWithInvalidCredentials" time="9.318" classname="com.AutomationPractice.testscripts.loginpage.LoginTest"/>
  <testcase name="testLoginWithInvalidCredentials" time="8.450" classname="com.AutomationPractice.testscripts.loginpage.LoginTest"/>
  <testcase name="testLoginWithInvalidCredentials" time="6.763" classname="com.AutomationPractice.testscripts.loginpage.LoginTest"/>
  <testcase name="testLoginWithInvalidCredentials" time="13.167" classname="com.AutomationPractice.testscripts.loginpage.LoginTest"/>
  <testcase name="testLoginWithInvalidCredentials" time="8.160" classname="com.AutomationPractice.testscripts.loginpage.LoginTest"/>
  <testcase name="testLoginWithDataSet" time="8.811" classname="com.AutomationPractice.testscripts.loginpage.LoginTest"/>
  <testcase name="testLoginWithDataSet" time="6.792" classname="com.AutomationPractice.testscripts.loginpage.LoginTest"/>
  <testcase name="testLoginWithDataSet" time="7.909" classname="com.AutomationPractice.testscripts.loginpage.LoginTest"/>
  <testcase name="testLoginWithDataSet" time="7.256" classname="com.AutomationPractice.testscripts.loginpage.LoginTest"/>
  <testcase name="testLoginWithDataSet" time="7.038" classname="com.AutomationPractice.testscripts.loginpage.LoginTest"/>
  <testcase name="testLoginToApplication" time="10.572" classname="com.AutomationPractice.testscripts.loginpage.LoginTest"/>
</testsuite> <!-- com.AutomationPractice.testscripts.loginpage.LoginTest -->
