<?xml version="1.0" encoding="UTF-8"?>
<!-- Generated by org.testng.reporters.JUnitReportReporter -->
<testsuite skipped="0" hostname="edwinndonga-Lenovo-V310" name="com.AutomationPractice.testscripts.loginpage.LoginTest" tests="11" failures="0" timestamp="14 Aug 2019 21:31:02 GMT" time="101.935" errors="0">
  <testcase name="testLoginWithInvalidCredentials" time="23.987" classname="com.AutomationPractice.testscripts.loginpage.LoginTest"/>
  <testcase name="testLoginWithInvalidCredentials" time="7.547" classname="com.AutomationPractice.testscripts.loginpage.LoginTest"/>
  <testcase name="testLoginWithInvalidCredentials" time="7.237" classname="com.AutomationPractice.testscripts.loginpage.LoginTest"/>
  <testcase name="testLoginWithInvalidCredentials" time="6.577" classname="com.AutomationPractice.testscripts.loginpage.LoginTest"/>
  <testcase name="testLoginWithInvalidCredentials" time="6.618" classname="com.AutomationPractice.testscripts.loginpage.LoginTest"/>
  <testcase name="testLoginWithDataSet" time="8.105" classname="com.AutomationPractice.testscripts.loginpage.LoginTest"/>
  <testcase name="testLoginWithDataSet" time="6.265" classname="com.AutomationPractice.testscripts.loginpage.LoginTest"/>
  <testcase name="testLoginWithDataSet" time="8.039" classname="com.AutomationPractice.testscripts.loginpage.LoginTest"/>
  <testcase name="testLoginWithDataSet" time="7.975" classname="com.AutomationPractice.testscripts.loginpage.LoginTest"/>
  <testcase name="testLoginWithDataSet" time="7.568" classname="com.AutomationPractice.testscripts.loginpage.LoginTest"/>
  <testcase name="testLoginToApplication" time="12.017" classname="com.AutomationPractice.testscripts.loginpage.LoginTest"/>
</testsuite> <!-- com.AutomationPractice.testscripts.loginpage.LoginTest -->
