<?xml version="1.0" encoding="UTF-8"?>
<!-- Generated by org.testng.reporters.JUnitReportReporter -->
<testsuite skipped="0" hostname="edwinndonga-Lenovo-V310" name="com.AutomationPractice.testscripts.registrationpage.RegistrationPageTest" tests="2" failures="0" timestamp="14 Aug 2019 18:04:08 GMT" time="28.054" errors="0">
  <testcase name="testCreateAccount" time="13.085" classname="com.AutomationPractice.testscripts.registrationpage.RegistrationPageTest"/>
  <testcase name="testRegisterUser" time="14.969" classname="com.AutomationPractice.testscripts.registrationpage.RegistrationPageTest"/>
</testsuite> <!-- com.AutomationPractice.testscripts.registrationpage.RegistrationPageTest -->
