<?xml version="1.0" encoding="UTF-8"?>
<!-- Generated by org.testng.reporters.JUnitReportReporter -->
<testsuite skipped="0" hostname="edwinndonga-Lenovo-V310" name="com.AutomationPractice.testscripts.shoppingcartpage.ShoppingCartSummaryPageTest" tests="3" failures="0" timestamp="14 Aug 2019 21:31:02 GMT" time="57.548" errors="0">
  <testcase name="verifyShoppingCartSummaryPageTitle" time="16.319" classname="com.AutomationPractice.testscripts.shoppingcartpage.ShoppingCartSummaryPageTest"/>
  <testcase name="testLoginToShoppingCartSummary" time="11.166" classname="com.AutomationPractice.testscripts.shoppingcartpage.ShoppingCartSummaryPageTest"/>
  <testcase name="testCheckout" time="30.063" classname="com.AutomationPractice.testscripts.shoppingcartpage.ShoppingCartSummaryPageTest"/>
</testsuite> <!-- com.AutomationPractice.testscripts.shoppingcartpage.ShoppingCartSummaryPageTest -->
