<?xml version="1.0" encoding="UTF-8"?>
<!-- Generated by org.testng.reporters.JUnitReportReporter -->
<testsuite skipped="0" hostname="edwinndonga-Lenovo-V310" name="com.AutomationPractice.Boo" tests="1" failures="0" timestamp="10 Aug 2019 13:03:50 GMT" time="0.010" errors="0">
  <testcase name="testLoginA" time="0.010" classname="com.AutomationPractice.Boo"/>
</testsuite> <!-- com.AutomationPractice.Boo -->
