<?xml version="1.0" encoding="UTF-8"?>
<!-- Generated by org.testng.reporters.JUnitReportReporter -->
<testsuite skipped="0" hostname="edwinndonga-Lenovo-V310" name="com.AutomationPractice.testscripts.productcategorypage.ProductCategoryPageTest" tests="3" failures="0" timestamp="14 Aug 2019 18:04:08 GMT" time="27.998" errors="0">
  <testcase name="verifyProductPageTitleTest" time="11.830" classname="com.AutomationPractice.testscripts.productcategorypage.ProductCategoryPageTest"/>
  <testcase name="addItemsToCartTest" time="6.630" classname="com.AutomationPractice.testscripts.productcategorypage.ProductCategoryPageTest"/>
  <testcase name="testProductsHaveBeenAddedToCart" time="9.538" classname="com.AutomationPractice.testscripts.productcategorypage.ProductCategoryPageTest"/>
</testsuite> <!-- com.AutomationPractice.testscripts.productcategorypage.ProductCategoryPageTest -->
