<?xml version="1.0" encoding="UTF-8"?>
<!-- Generated by org.testng.reporters.JUnitReportReporter -->
<testsuite skipped="0" hostname="edwinndonga-Lenovo-V310" name="com.AutomationPractice.testscripts.shoppingcartpage.ShoppingCartSummaryPageTest" tests="3" failures="0" timestamp="14 Aug 2019 18:04:08 GMT" time="51.750" errors="0">
  <testcase name="verifyShoppingCartSummaryPageTitle" time="14.929" classname="com.AutomationPractice.testscripts.shoppingcartpage.ShoppingCartSummaryPageTest"/>
  <testcase name="testLoginToShoppingCartSummary" time="11.196" classname="com.AutomationPractice.testscripts.shoppingcartpage.ShoppingCartSummaryPageTest"/>
  <testcase name="testCheckout" time="25.625" classname="com.AutomationPractice.testscripts.shoppingcartpage.ShoppingCartSummaryPageTest"/>
</testsuite> <!-- com.AutomationPractice.testscripts.shoppingcartpage.ShoppingCartSummaryPageTest -->
