<?xml version="1.0" encoding="UTF-8"?>
<!-- Generated by org.testng.reporters.JUnitReportReporter -->
<testsuite skipped="0" hostname="edwinndonga-Lenovo-V310" name="com.AutomationPractice.testscripts.shoppingcartpage.ShoppingCartSummary" tests="1" failures="0" timestamp="11 Aug 2019 23:54:56 GMT" time="34.734" errors="0">
  <testcase name="testCheckoutFlow" time="34.734" classname="com.AutomationPractice.testscripts.shoppingcartpage.ShoppingCartSummary"/>
</testsuite> <!-- com.AutomationPractice.testscripts.shoppingcartpage.ShoppingCartSummary -->
